Info: Starting: Create block symbol file (.bsf)
Info: qsys-generate /home/casarin/TCC/Quartus/reg16/reg16.qsys --block-symbol-file --output-directory=/home/casarin/TCC/Quartus/reg16/reg16 --family="Cyclone V" --part=5CSXFC6D6F31C8ES
Progress: Loading reg16/reg16.qsys
Progress: Reading input file
Progress: Adding clk_0 [clock_source 18.1]
Progress: Parameterizing module clk_0
Progress: Adding hps_0 [altera_hps 18.1]
Progress: Parameterizing module hps_0
Progress: Adding reg16_avalon_interface_0 [reg16_avalon_interface 1.0]
Progress: Parameterizing module reg16_avalon_interface_0
Progress: Building connections
Progress: Parameterizing connections
Progress: Validating
Progress: Done reading input file
Info: reg16.hps_0: HPS Main PLL counter settings: n = 0  m = 63
Info: reg16.hps_0: HPS peripherial PLL counter settings: n = 0  m = 39
Warning: reg16.hps_0: ODT is disabled. Enabling ODT (Mode Register 1) may improve signal integrity
Warning: reg16.hps_0: set_interface_assignment: Interface "hps_io" does not exist
Info: qsys-generate succeeded.
Info: Finished: Create block symbol file (.bsf)
Info: 
Info: Starting: Create HDL design files for synthesis
Info: qsys-generate /home/casarin/TCC/Quartus/reg16/reg16.qsys --synthesis=VHDL --output-directory=/home/casarin/TCC/Quartus/reg16/reg16/synthesis --family="Cyclone V" --part=5CSXFC6D6F31C8ES
Progress: Loading reg16/reg16.qsys
Progress: Reading input file
Progress: Adding clk_0 [clock_source 18.1]
Progress: Parameterizing module clk_0
Progress: Adding hps_0 [altera_hps 18.1]
Progress: Parameterizing module hps_0
Progress: Adding reg16_avalon_interface_0 [reg16_avalon_interface 1.0]
Progress: Parameterizing module reg16_avalon_interface_0
Progress: Building connections
Progress: Parameterizing connections
Progress: Validating
Progress: Done reading input file
Info: reg16.hps_0: HPS Main PLL counter settings: n = 0  m = 63
Info: reg16.hps_0: HPS peripherial PLL counter settings: n = 0  m = 39
Warning: reg16.hps_0: ODT is disabled. Enabling ODT (Mode Register 1) may improve signal integrity
Warning: reg16.hps_0: set_interface_assignment: Interface "hps_io" does not exist
Info: reg16: Generating reg16 "reg16" for QUARTUS_SYNTH
Info: Interconnect is inserted between master hps_0.h2f_lw_axi_master and slave reg16_avalon_interface_0.avalon_slave_0 because the master is of type axi and the slave is of type avalon.
Info: hps_0: "Running  for module: hps_0"
Info: hps_0: HPS Main PLL counter settings: n = 0  m = 63
Info: hps_0: HPS peripherial PLL counter settings: n = 0  m = 39
Warning: hps_0: ODT is disabled. Enabling ODT (Mode Register 1) may improve signal integrity
Warning: hps_0: set_interface_assignment: Interface "hps_io" does not exist
Info: hps_0: "reg16" instantiated altera_hps "hps_0"
Info: reg16_avalon_interface_0: "reg16" instantiated reg16_avalon_interface "reg16_avalon_interface_0"
Info: avalon_st_adapter: Inserting error_adapter: error_adapter_0
Info: mm_interconnect_0: "reg16" instantiated altera_mm_interconnect "mm_interconnect_0"
Info: rst_controller: "reg16" instantiated altera_reset_controller "rst_controller"
Info: fpga_interfaces: "hps_0" instantiated altera_interface_generator "fpga_interfaces"
Info: hps_io: "hps_0" instantiated altera_hps_io "hps_io"
Info: reg16_avalon_interface_0_avalon_slave_0_translator: "mm_interconnect_0" instantiated altera_merlin_slave_translator "reg16_avalon_interface_0_avalon_slave_0_translator"
Info: hps_0_h2f_lw_axi_master_agent: "mm_interconnect_0" instantiated altera_merlin_axi_master_ni "hps_0_h2f_lw_axi_master_agent"
Info: reg16_avalon_interface_0_avalon_slave_0_agent: "mm_interconnect_0" instantiated altera_merlin_slave_agent "reg16_avalon_interface_0_avalon_slave_0_agent"
Info: reg16_avalon_interface_0_avalon_slave_0_agent_rsp_fifo: "mm_interconnect_0" instantiated altera_avalon_sc_fifo "reg16_avalon_interface_0_avalon_slave_0_agent_rsp_fifo"
Info: router: "mm_interconnect_0" instantiated altera_merlin_router "router"
Info: router_002: "mm_interconnect_0" instantiated altera_merlin_router "router_002"
Info: reg16_avalon_interface_0_avalon_slave_0_burst_adapter: "mm_interconnect_0" instantiated altera_merlin_burst_adapter "reg16_avalon_interface_0_avalon_slave_0_burst_adapter"
Info: Reusing file /home/casarin/TCC/Quartus/reg16/reg16/synthesis/submodules/altera_merlin_address_alignment.sv
Info: cmd_demux: "mm_interconnect_0" instantiated altera_merlin_demultiplexer "cmd_demux"
Info: cmd_mux: "mm_interconnect_0" instantiated altera_merlin_multiplexer "cmd_mux"
Info: rsp_demux: "mm_interconnect_0" instantiated altera_merlin_demultiplexer "rsp_demux"
Info: rsp_mux: "mm_interconnect_0" instantiated altera_merlin_multiplexer "rsp_mux"
Info: Reusing file /home/casarin/TCC/Quartus/reg16/reg16/synthesis/submodules/altera_merlin_arbitrator.sv
Info: reg16_avalon_interface_0_avalon_slave_0_rsp_width_adapter: "mm_interconnect_0" instantiated altera_merlin_width_adapter "reg16_avalon_interface_0_avalon_slave_0_rsp_width_adapter"
Info: Reusing file /home/casarin/TCC/Quartus/reg16/reg16/synthesis/submodules/altera_merlin_address_alignment.sv
Info: Reusing file /home/casarin/TCC/Quartus/reg16/reg16/synthesis/submodules/altera_merlin_burst_uncompressor.sv
Info: avalon_st_adapter: "mm_interconnect_0" instantiated altera_avalon_st_adapter "avalon_st_adapter"
Info: border: "hps_io" instantiated altera_interface_generator "border"
Info: error_adapter_0: "avalon_st_adapter" instantiated error_adapter "error_adapter_0"
Info: reg16: Done "reg16" with 22 modules, 78 files
Info: qsys-generate succeeded.
Info: Finished: Create HDL design files for synthesis
