Flow report for rede
Thu Nov 29 15:14:41 2018
Quartus Prime Version 18.1.0 Build 625 09/12/2018 SJ Lite Edition


---------------------
; Table of Contents ;
---------------------
  1. Legal Notice
  2. Flow Summary
  3. Flow Settings
  4. Flow Non-Default Global Settings
  5. Flow Elapsed Time
  6. Flow OS Summary
  7. Flow Log
  8. Flow Messages
  9. Flow Suppressed Messages



----------------
; Legal Notice ;
----------------
Copyright (C) 2018  Intel Corporation. All rights reserved.
Your use of Intel Corporation's design tools, logic functions 
and other software and tools, and its AMPP partner logic 
functions, and any output files from any of the foregoing 
(including device programming or simulation files), and any 
associated documentation or information are expressly subject 
to the terms and conditions of the Intel Program License 
Subscription Agreement, the Intel Quartus Prime License Agreement,
the Intel FPGA IP License Agreement, or other applicable license
agreement, including, without limitation, that your use is for
the sole purpose of programming logic devices manufactured by
Intel and sold by Intel or its authorized distributors.  Please
refer to the applicable agreement for further details.



+-------------------------------------------------------------------------------+
; Flow Summary                                                                  ;
+---------------------------------+---------------------------------------------+
; Flow Status                     ; Successful - Thu Nov 29 15:14:41 2018       ;
; Quartus Prime Version           ; 18.1.0 Build 625 09/12/2018 SJ Lite Edition ;
; Revision Name                   ; rede                                        ;
; Top-level Entity Name           ; top_level                                   ;
; Family                          ; Cyclone V                                   ;
; Device                          ; 5CSXFC6D6F31C6                              ;
; Timing Models                   ; Final                                       ;
; Logic utilization (in ALMs)     ; 664 / 41,910 ( 2 % )                        ;
; Total registers                 ; 986                                         ;
; Total pins                      ; 50 / 499 ( 10 % )                           ;
; Total virtual pins              ; 0                                           ;
; Total block memory bits         ; 65,536 / 5,662,720 ( 1 % )                  ;
; Total DSP Blocks                ; 1 / 112 ( < 1 % )                           ;
; Total HSSI RX PCSs              ; 0 / 9 ( 0 % )                               ;
; Total HSSI PMA RX Deserializers ; 0 / 9 ( 0 % )                               ;
; Total HSSI TX PCSs              ; 0 / 9 ( 0 % )                               ;
; Total HSSI PMA TX Serializers   ; 0 / 9 ( 0 % )                               ;
; Total PLLs                      ; 0 / 15 ( 0 % )                              ;
; Total DLLs                      ; 1 / 4 ( 25 % )                              ;
+---------------------------------+---------------------------------------------+


+-----------------------------------------+
; Flow Settings                           ;
+-------------------+---------------------+
; Option            ; Setting             ;
+-------------------+---------------------+
; Start date & time ; 11/29/2018 15:08:10 ;
; Main task         ; Compilation         ;
; Revision Name     ; rede                ;
+-------------------+---------------------+


+------------------------------------------------------------------------------------------------------------------------------------------------------------------------------------+
; Flow Non-Default Global Settings                                                                                                                                                   ;
+---------------------------------------+--------------------------------------------------------------------------+---------------+--------------------------------+----------------+
; Assignment Name                       ; Value                                                                    ; Default Value ; Entity Name                    ; Section Id     ;
+---------------------------------------+--------------------------------------------------------------------------+---------------+--------------------------------+----------------+
; COMPILER_SIGNATURE_ID                 ; 102021904432096.154351128605812                                          ; --            ; --                             ; --             ;
; ECO_REGENERATE_REPORT                 ; On                                                                       ; Off           ; --                             ; --             ;
; EDA_OUTPUT_DATA_FORMAT                ; Vhdl                                                                     ; --            ; --                             ; eda_simulation ;
; EDA_SIMULATION_TOOL                   ; ModelSim-Altera (VHDL)                                                   ; <None>        ; --                             ; --             ;
; EDA_TIME_SCALE                        ; 1 ps                                                                     ; --            ; --                             ; eda_simulation ;
; HPS_ISW_FILE                          ; soc_system/synthesis/submodules/sequencer/tclrpt.pre.h                   ; --            ; soc_system_hps_0_hps_io_border ; --             ;
; HPS_ISW_FILE                          ; soc_system/synthesis/submodules/sequencer/sequencer_auto.pre.h           ; --            ; soc_system_hps_0_hps_io_border ; --             ;
; HPS_ISW_FILE                          ; soc_system/synthesis/submodules/sequencer/emif.pre.xml                   ; --            ; soc_system_hps_0_hps_io_border ; --             ;
; HPS_ISW_FILE                          ; soc_system/synthesis/submodules/sequencer/sequencer.pre.c                ; --            ; soc_system_hps_0_hps_io_border ; --             ;
; HPS_ISW_FILE                          ; soc_system/synthesis/submodules/sequencer/system.pre.h                   ; --            ; soc_system_hps_0_hps_io_border ; --             ;
; HPS_ISW_FILE                          ; soc_system/synthesis/submodules/sequencer/sequencer_auto_inst_init.pre.c ; --            ; soc_system_hps_0_hps_io_border ; --             ;
; HPS_ISW_FILE                          ; soc_system/synthesis/submodules/sequencer/sequencer_auto_ac_init.pre.c   ; --            ; soc_system_hps_0_hps_io_border ; --             ;
; HPS_ISW_FILE                          ; soc_system/synthesis/submodules/sequencer/tclrpt.pre.c                   ; --            ; soc_system_hps_0_hps_io_border ; --             ;
; HPS_ISW_FILE                          ; soc_system/synthesis/submodules/sequencer/sdram_io.pre.h                 ; --            ; soc_system_hps_0_hps_io_border ; --             ;
; HPS_ISW_FILE                          ; soc_system/synthesis/submodules/sequencer/sequencer.pre.h                ; --            ; soc_system_hps_0_hps_io_border ; --             ;
; HPS_ISW_FILE                          ; soc_system/synthesis/submodules/sequencer/alt_types.pre.h                ; --            ; soc_system_hps_0_hps_io_border ; --             ;
; HPS_ISW_FILE                          ; soc_system/synthesis/submodules/sequencer/sequencer_defines.pre.h        ; --            ; soc_system_hps_0_hps_io_border ; --             ;
; HPS_ISW_FILE                          ; soc_system/synthesis/submodules/hps.pre.xml                              ; --            ; soc_system_hps_0_hps_io_border ; --             ;
; HPS_PARTITION                         ; On                                                                       ; --            ; soc_system_hps_0_hps_io_border ; --             ;
; MAX_CORE_JUNCTION_TEMP                ; 85                                                                       ; --            ; --                             ; --             ;
; MIN_CORE_JUNCTION_TEMP                ; 0                                                                        ; --            ; --                             ; --             ;
; MISC_FILE                             ; soc_system/synthesis/../soc_system.cmp                                   ; --            ; --                             ; --             ;
; MISC_FILE                             ; soc_system/synthesis/soc_system_hps_0_hps.svd                            ; --            ; --                             ; --             ;
; MISC_FILE                             ; soc_system/synthesis/../../soc_system.qsys                               ; --            ; --                             ; --             ;
; MISC_FILE                             ; soc_system/synthesis/submodules/sequencer/tclrpt.pre.h                   ; --            ; --                             ; --             ;
; MISC_FILE                             ; soc_system/synthesis/submodules/sequencer/sequencer_auto.pre.h           ; --            ; --                             ; --             ;
; MISC_FILE                             ; soc_system/synthesis/submodules/sequencer/emif.pre.xml                   ; --            ; --                             ; --             ;
; MISC_FILE                             ; soc_system/synthesis/submodules/sequencer/sequencer.pre.c                ; --            ; --                             ; --             ;
; MISC_FILE                             ; soc_system/synthesis/submodules/sequencer/system.pre.h                   ; --            ; --                             ; --             ;
; MISC_FILE                             ; soc_system/synthesis/submodules/sequencer/sequencer_auto_inst_init.pre.c ; --            ; --                             ; --             ;
; MISC_FILE                             ; soc_system/synthesis/submodules/sequencer/sequencer_auto_ac_init.pre.c   ; --            ; --                             ; --             ;
; MISC_FILE                             ; soc_system/synthesis/submodules/sequencer/tclrpt.pre.c                   ; --            ; --                             ; --             ;
; MISC_FILE                             ; soc_system/synthesis/submodules/sequencer/sdram_io.pre.h                 ; --            ; --                             ; --             ;
; MISC_FILE                             ; soc_system/synthesis/submodules/sequencer/sequencer.pre.h                ; --            ; --                             ; --             ;
; MISC_FILE                             ; soc_system/synthesis/submodules/sequencer/alt_types.pre.h                ; --            ; --                             ; --             ;
; MISC_FILE                             ; soc_system/synthesis/submodules/sequencer/sequencer_defines.pre.h        ; --            ; --                             ; --             ;
; MISC_FILE                             ; soc_system/synthesis/submodules/hps.pre.xml                              ; --            ; --                             ; --             ;
; NUM_PARALLEL_PROCESSORS               ; All                                                                      ; --            ; --                             ; --             ;
; PARTITION_COLOR                       ; -- (Not supported for targeted family)                                   ; --            ; top_level                      ; Top            ;
; PARTITION_FITTER_PRESERVATION_LEVEL   ; -- (Not supported for targeted family)                                   ; --            ; top_level                      ; Top            ;
; PARTITION_NETLIST_TYPE                ; -- (Not supported for targeted family)                                   ; --            ; top_level                      ; Top            ;
; POWER_BOARD_THERMAL_MODEL             ; None (CONSERVATIVE)                                                      ; --            ; --                             ; --             ;
; POWER_PRESET_COOLING_SOLUTION         ; 23 MM HEAT SINK WITH 200 LFPM AIRFLOW                                    ; --            ; --                             ; --             ;
; PROJECT_OUTPUT_DIRECTORY              ; output_files                                                             ; --            ; --                             ; --             ;
; SLD_FILE                              ; soc_system/synthesis/soc_system.regmap                                   ; --            ; --                             ; --             ;
; SLD_FILE                              ; soc_system/synthesis/soc_system.debuginfo                                ; --            ; --                             ; --             ;
; SLD_INFO                              ; QSYS_NAME soc_system HAS_SOPCINFO 1 GENERATION_ID 1543443748             ; --            ; soc_system                     ; --             ;
; SMART_RECOMPILE                       ; On                                                                       ; Off           ; --                             ; --             ;
; SOPCINFO_FILE                         ; soc_system/synthesis/../../soc_system.sopcinfo                           ; --            ; --                             ; --             ;
; SYNTHESIS_ONLY_QIP                    ; On                                                                       ; --            ; --                             ; --             ;
; TOP_LEVEL_ENTITY                      ; top_level                                                                ; rede          ; --                             ; --             ;
; USE_DLL_FREQUENCY_FOR_DQS_DELAY_CHAIN ; On                                                                       ; Off           ; --                             ; --             ;
+---------------------------------------+--------------------------------------------------------------------------+---------------+--------------------------------+----------------+


+--------------------------------------------------------------------------------------------------------------------------+
; Flow Elapsed Time                                                                                                        ;
+----------------------+--------------+-------------------------+---------------------+------------------------------------+
; Module Name          ; Elapsed Time ; Average Processors Used ; Peak Virtual Memory ; Total CPU Time (on all processors) ;
+----------------------+--------------+-------------------------+---------------------+------------------------------------+
; Analysis & Synthesis ; 00:00:33     ; 1.0                     ; 1189 MB             ; 00:00:54                           ;
; Fitter               ; 00:01:29     ; 1.0                     ; 2900 MB             ; 00:02:13                           ;
; Assembler            ; 00:00:13     ; 1.0                     ; 979 MB              ; 00:00:13                           ;
; Total                ; 00:02:15     ; --                      ; --                  ; 00:03:20                           ;
+----------------------+--------------+-------------------------+---------------------+------------------------------------+


+-------------------------------------------------------------------------------------------+
; Flow OS Summary                                                                           ;
+----------------------+-----------------------+--------------+------------+----------------+
; Module Name          ; Machine Hostname      ; OS Name      ; OS Version ; Processor type ;
+----------------------+-----------------------+--------------+------------+----------------+
; Analysis & Synthesis ; casarin-Aspire-E5-574 ; Ubuntu 18.10 ; 18         ; x86_64         ;
; Fitter               ; casarin-Aspire-E5-574 ; Ubuntu 18.10 ; 18         ; x86_64         ;
; Assembler            ; casarin-Aspire-E5-574 ; Ubuntu 18.10 ; 18         ; x86_64         ;
+----------------------+-----------------------+--------------+------------+----------------+


------------
; Flow Log ;
------------
quartus_map --read_settings_files=on --write_settings_files=off rede -c rede
quartus_fit --read_settings_files=on --write_settings_files=off rede -c rede
quartus_asm --read_settings_files=off --write_settings_files=off rede -c rede



