Flow report for reg16
Thu Nov 15 16:59:08 2018
Quartus Prime Version 18.1.0 Build 625 09/12/2018 SJ Lite Edition


---------------------
; Table of Contents ;
---------------------
  1. Legal Notice
  2. Flow Summary
  3. Flow Settings
  4. Flow Non-Default Global Settings
  5. Flow Elapsed Time
  6. Flow OS Summary
  7. Flow Log
  8. Flow Messages
  9. Flow Suppressed Messages



----------------
; Legal Notice ;
----------------
Copyright (C) 2018  Intel Corporation. All rights reserved.
Your use of Intel Corporation's design tools, logic functions 
and other software and tools, and its AMPP partner logic 
functions, and any output files from any of the foregoing 
(including device programming or simulation files), and any 
associated documentation or information are expressly subject 
to the terms and conditions of the Intel Program License 
Subscription Agreement, the Intel Quartus Prime License Agreement,
the Intel FPGA IP License Agreement, or other applicable license
agreement, including, without limitation, that your use is for
the sole purpose of programming logic devices manufactured by
Intel and sold by Intel or its authorized distributors.  Please
refer to the applicable agreement for further details.



+-------------------------------------------------------------------------------+
; Flow Summary                                                                  ;
+---------------------------------+---------------------------------------------+
; Flow Status                     ; Successful - Thu Nov 15 16:59:08 2018       ;
; Quartus Prime Version           ; 18.1.0 Build 625 09/12/2018 SJ Lite Edition ;
; Revision Name                   ; reg16                                       ;
; Top-level Entity Name           ; reg_16_top_level                            ;
; Family                          ; Cyclone V                                   ;
; Device                          ; 5CSXFC6D6F31C6                              ;
; Timing Models                   ; Final                                       ;
; Logic utilization (in ALMs)     ; 326 / 41,910 ( < 1 % )                      ;
; Total registers                 ; 435                                         ;
; Total pins                      ; 83 / 499 ( 17 % )                           ;
; Total virtual pins              ; 0                                           ;
; Total block memory bits         ; 0 / 5,662,720 ( 0 % )                       ;
; Total DSP Blocks                ; 1 / 112 ( < 1 % )                           ;
; Total HSSI RX PCSs              ; 0 / 9 ( 0 % )                               ;
; Total HSSI PMA RX Deserializers ; 0 / 9 ( 0 % )                               ;
; Total HSSI TX PCSs              ; 0 / 9 ( 0 % )                               ;
; Total HSSI PMA TX Serializers   ; 0 / 9 ( 0 % )                               ;
; Total PLLs                      ; 0 / 15 ( 0 % )                              ;
; Total DLLs                      ; 1 / 4 ( 25 % )                              ;
+---------------------------------+---------------------------------------------+


+-----------------------------------------+
; Flow Settings                           ;
+-------------------+---------------------+
; Option            ; Setting             ;
+-------------------+---------------------+
; Start date & time ; 11/15/2018 16:55:00 ;
; Main task         ; Compilation         ;
; Revision Name     ; reg16               ;
+-------------------+---------------------+


+----------------------------------------------------------------------------------------------------------------------------------------------------------------------------------------------+
; Flow Non-Default Global Settings                                                                                                                                                             ;
+---------------------------------------+-------------------------------------------------------------------------------+---------------+-------------------------------------+----------------+
; Assignment Name                       ; Value                                                                         ; Default Value ; Entity Name                         ; Section Id     ;
+---------------------------------------+-------------------------------------------------------------------------------+---------------+-------------------------------------+----------------+
; COMPILER_SIGNATURE_ID                 ; 167690720490399.154230809819789                                               ; --            ; --                                  ; --             ;
; ECO_REGENERATE_REPORT                 ; On                                                                            ; Off           ; --                                  ; --             ;
; EDA_OUTPUT_DATA_FORMAT                ; Verilog Hdl                                                                   ; --            ; --                                  ; eda_simulation ;
; EDA_SIMULATION_TOOL                   ; ModelSim-Altera (Verilog)                                                     ; <None>        ; --                                  ; --             ;
; EDA_TIME_SCALE                        ; 1 ps                                                                          ; --            ; --                                  ; eda_simulation ;
; HPS_ISW_FILE                          ; embedded_system/synthesis/submodules/sequencer/sequencer_auto_inst_init.pre.c ; --            ; embedded_system_hps_0_hps_io_border ; --             ;
; HPS_ISW_FILE                          ; embedded_system/synthesis/submodules/sequencer/sequencer_defines.pre.h        ; --            ; embedded_system_hps_0_hps_io_border ; --             ;
; HPS_ISW_FILE                          ; embedded_system/synthesis/submodules/sequencer/emif.pre.xml                   ; --            ; embedded_system_hps_0_hps_io_border ; --             ;
; HPS_ISW_FILE                          ; embedded_system/synthesis/submodules/sequencer/alt_types.pre.h                ; --            ; embedded_system_hps_0_hps_io_border ; --             ;
; HPS_ISW_FILE                          ; embedded_system/synthesis/submodules/sequencer/sequencer.pre.c                ; --            ; embedded_system_hps_0_hps_io_border ; --             ;
; HPS_ISW_FILE                          ; embedded_system/synthesis/submodules/sequencer/tclrpt.pre.c                   ; --            ; embedded_system_hps_0_hps_io_border ; --             ;
; HPS_ISW_FILE                          ; embedded_system/synthesis/submodules/sequencer/sequencer_auto_ac_init.pre.c   ; --            ; embedded_system_hps_0_hps_io_border ; --             ;
; HPS_ISW_FILE                          ; embedded_system/synthesis/submodules/sequencer/sequencer_auto.pre.h           ; --            ; embedded_system_hps_0_hps_io_border ; --             ;
; HPS_ISW_FILE                          ; embedded_system/synthesis/submodules/sequencer/sequencer.pre.h                ; --            ; embedded_system_hps_0_hps_io_border ; --             ;
; HPS_ISW_FILE                          ; embedded_system/synthesis/submodules/sequencer/sdram_io.pre.h                 ; --            ; embedded_system_hps_0_hps_io_border ; --             ;
; HPS_ISW_FILE                          ; embedded_system/synthesis/submodules/sequencer/system.pre.h                   ; --            ; embedded_system_hps_0_hps_io_border ; --             ;
; HPS_ISW_FILE                          ; embedded_system/synthesis/submodules/sequencer/tclrpt.pre.h                   ; --            ; embedded_system_hps_0_hps_io_border ; --             ;
; HPS_ISW_FILE                          ; embedded_system/synthesis/submodules/hps.pre.xml                              ; --            ; embedded_system_hps_0_hps_io_border ; --             ;
; HPS_PARTITION                         ; On                                                                            ; --            ; embedded_system_hps_0_hps_io_border ; --             ;
; MAX_CORE_JUNCTION_TEMP                ; 85                                                                            ; --            ; --                                  ; --             ;
; MIN_CORE_JUNCTION_TEMP                ; 0                                                                             ; --            ; --                                  ; --             ;
; MISC_FILE                             ; embedded_system/synthesis/../embedded_system.cmp                              ; --            ; --                                  ; --             ;
; MISC_FILE                             ; embedded_system/synthesis/embedded_system_hps_0_hps.svd                       ; --            ; --                                  ; --             ;
; MISC_FILE                             ; embedded_system/synthesis/../../embedded_system.qsys                          ; --            ; --                                  ; --             ;
; MISC_FILE                             ; embedded_system/synthesis/submodules/sequencer/sequencer_auto_inst_init.pre.c ; --            ; --                                  ; --             ;
; MISC_FILE                             ; embedded_system/synthesis/submodules/sequencer/sequencer_defines.pre.h        ; --            ; --                                  ; --             ;
; MISC_FILE                             ; embedded_system/synthesis/submodules/sequencer/emif.pre.xml                   ; --            ; --                                  ; --             ;
; MISC_FILE                             ; embedded_system/synthesis/submodules/sequencer/alt_types.pre.h                ; --            ; --                                  ; --             ;
; MISC_FILE                             ; embedded_system/synthesis/submodules/sequencer/sequencer.pre.c                ; --            ; --                                  ; --             ;
; MISC_FILE                             ; embedded_system/synthesis/submodules/sequencer/tclrpt.pre.c                   ; --            ; --                                  ; --             ;
; MISC_FILE                             ; embedded_system/synthesis/submodules/sequencer/sequencer_auto_ac_init.pre.c   ; --            ; --                                  ; --             ;
; MISC_FILE                             ; embedded_system/synthesis/submodules/sequencer/sequencer_auto.pre.h           ; --            ; --                                  ; --             ;
; MISC_FILE                             ; embedded_system/synthesis/submodules/sequencer/sequencer.pre.h                ; --            ; --                                  ; --             ;
; MISC_FILE                             ; embedded_system/synthesis/submodules/sequencer/sdram_io.pre.h                 ; --            ; --                                  ; --             ;
; MISC_FILE                             ; embedded_system/synthesis/submodules/sequencer/system.pre.h                   ; --            ; --                                  ; --             ;
; MISC_FILE                             ; embedded_system/synthesis/submodules/sequencer/tclrpt.pre.h                   ; --            ; --                                  ; --             ;
; MISC_FILE                             ; embedded_system/synthesis/submodules/hps.pre.xml                              ; --            ; --                                  ; --             ;
; PARTITION_COLOR                       ; -- (Not supported for targeted family)                                        ; --            ; reg_16_top_level                    ; Top            ;
; PARTITION_FITTER_PRESERVATION_LEVEL   ; -- (Not supported for targeted family)                                        ; --            ; reg_16_top_level                    ; Top            ;
; PARTITION_NETLIST_TYPE                ; -- (Not supported for targeted family)                                        ; --            ; reg_16_top_level                    ; Top            ;
; POWER_BOARD_THERMAL_MODEL             ; None (CONSERVATIVE)                                                           ; --            ; --                                  ; --             ;
; POWER_PRESET_COOLING_SOLUTION         ; 23 MM HEAT SINK WITH 200 LFPM AIRFLOW                                         ; --            ; --                                  ; --             ;
; PROJECT_OUTPUT_DIRECTORY              ; output_files                                                                  ; --            ; --                                  ; --             ;
; SLD_FILE                              ; embedded_system/synthesis/embedded_system.regmap                              ; --            ; --                                  ; --             ;
; SLD_FILE                              ; embedded_system/synthesis/embedded_system.debuginfo                           ; --            ; --                                  ; --             ;
; SLD_INFO                              ; QSYS_NAME embedded_system HAS_SOPCINFO 1 GENERATION_ID 1542307789             ; --            ; embedded_system                     ; --             ;
; SOPCINFO_FILE                         ; embedded_system/synthesis/../../embedded_system.sopcinfo                      ; --            ; --                                  ; --             ;
; SYNTHESIS_ONLY_QIP                    ; On                                                                            ; --            ; --                                  ; --             ;
; TOP_LEVEL_ENTITY                      ; reg_16_top_level                                                              ; reg16         ; --                                  ; --             ;
; USE_DLL_FREQUENCY_FOR_DQS_DELAY_CHAIN ; On                                                                            ; Off           ; --                                  ; --             ;
+---------------------------------------+-------------------------------------------------------------------------------+---------------+-------------------------------------+----------------+


+--------------------------------------------------------------------------------------------------------------------------+
; Flow Elapsed Time                                                                                                        ;
+----------------------+--------------+-------------------------+---------------------+------------------------------------+
; Module Name          ; Elapsed Time ; Average Processors Used ; Peak Virtual Memory ; Total CPU Time (on all processors) ;
+----------------------+--------------+-------------------------+---------------------+------------------------------------+
; Analysis & Synthesis ; 00:00:18     ; 1.0                     ; 1180 MB             ; 00:00:34                           ;
; Fitter               ; 00:00:58     ; 1.1                     ; 3153 MB             ; 00:01:36                           ;
; Assembler            ; 00:00:11     ; 1.0                     ; 1001 MB             ; 00:00:10                           ;
; Total                ; 00:01:27     ; --                      ; --                  ; 00:02:20                           ;
+----------------------+--------------+-------------------------+---------------------+------------------------------------+


+----------------------------------------------------------------------------------------+
; Flow OS Summary                                                                        ;
+----------------------+------------------+----------------+------------+----------------+
; Module Name          ; Machine Hostname ; OS Name        ; OS Version ; Processor type ;
+----------------------+------------------+----------------+------------+----------------+
; Analysis & Synthesis ; gabriel-ubuntu   ; Ubuntu 18.04.1 ; 18         ; x86_64         ;
; Fitter               ; gabriel-ubuntu   ; Ubuntu 18.04.1 ; 18         ; x86_64         ;
; Assembler            ; gabriel-ubuntu   ; Ubuntu 18.04.1 ; 18         ; x86_64         ;
+----------------------+------------------+----------------+------------+----------------+


------------
; Flow Log ;
------------
quartus_map --read_settings_files=on --write_settings_files=off reg16 -c reg16
quartus_fit --read_settings_files=off --write_settings_files=off reg16 -c reg16
quartus_asm --read_settings_files=off --write_settings_files=off reg16 -c reg16



